2026-04-23 13:37:15,464 [CRITICAL] vitaldelete: Токен истёк! Обновите access_token в bot_settings/config.json
2026-04-23 13:38:04,499 [INFO] vitaldelete: Аккаунт: MrSeller | Баланс: 0.0 ₽
2026-04-23 13:38:04,885 [INFO] vitalshark.listener: Слушатель событий запущен
2026-04-23 13:38:04,886 [INFO] vitaldelete: Telegram бот запущен
2026-04-23 13:38:04,886 [INFO] aiogram.dispatcher: Start polling
2026-04-23 13:38:07,990 [INFO] aiogram.dispatcher: Run polling for bot @VitalDeleteBot id=8584812746 - 'VitalDeleteBot'
2026-04-23 13:38:18,415 [INFO] aiogram.event: Update id=172408730 is handled. Duration 515 ms by bot id=8584812746
2026-04-23 13:38:19,968 [INFO] aiogram.event: Update id=172408731 is handled. Duration 516 ms by bot id=8584812746
2026-04-23 13:38:24,535 [INFO] aiogram.event: Update id=172408732 is handled. Duration 93 ms by bot id=8584812746
2026-04-23 13:38:26,132 [INFO] aiogram.event: Update id=172408733 is handled. Duration 546 ms by bot id=8584812746
2026-04-23 13:38:28,151 [INFO] aiogram.event: Update id=172408734 is handled. Duration 671 ms by bot id=8584812746
2026-04-23 13:38:29,619 [INFO] aiogram.event: Update id=172408735 is handled. Duration 203 ms by bot id=8584812746
2026-04-23 13:38:31,522 [INFO] aiogram.event: Update id=172408736 is handled. Duration 468 ms by bot id=8584812746
2026-04-23 13:38:42,335 [INFO] aiogram.event: Update id=172408737 is handled. Duration 578 ms by bot id=8584812746
2026-04-23 13:38:43,727 [INFO] aiogram.event: Update id=172408738 is handled. Duration 109 ms by bot id=8584812746
2026-04-23 13:38:45,289 [INFO] aiogram.event: Update id=172408739 is handled. Duration 202 ms by bot id=8584812746
2026-04-23 13:38:48,430 [INFO] aiogram.event: Update id=172408740 is handled. Duration 218 ms by bot id=8584812746
2026-04-23 13:38:50,377 [INFO] aiogram.event: Update id=172408741 is handled. Duration 186 ms by bot id=8584812746
2026-04-23 13:38:54,504 [INFO] aiogram.event: Update id=172408742 is handled. Duration 110 ms by bot id=8584812746
2026-04-23 13:40:21,735 [INFO] aiogram.event: Update id=172408743 is handled. Duration 484 ms by bot id=8584812746
2026-04-23 13:40:24,068 [INFO] aiogram.event: Update id=172408744 is handled. Duration 233 ms by bot id=8584812746
2026-04-23 13:40:25,811 [INFO] aiogram.event: Update id=172408745 is handled. Duration 110 ms by bot id=8584812746
2026-04-23 13:40:27,529 [INFO] aiogram.event: Update id=172408746 is handled. Duration 546 ms by bot id=8584812746
2026-04-23 13:40:35,098 [INFO] aiogram.event: Update id=172408747 is not handled. Duration 14 ms by bot id=8584812746
2026-04-23 13:40:46,410 [INFO] aiogram.event: Update id=172408748 is not handled. Duration 15 ms by bot id=8584812746
2026-04-23 13:40:48,114 [INFO] aiogram.event: Update id=172408749 is handled. Duration 500 ms by bot id=8584812746
2026-04-23 13:40:49,537 [INFO] aiogram.event: Update id=172408750 is handled. Duration 233 ms by bot id=8584812746
2026-04-23 13:40:50,975 [INFO] aiogram.event: Update id=172408751 is handled. Duration 109 ms by bot id=8584812746
2026-04-23 13:40:52,107 [INFO] aiogram.event: Update id=172408752 is handled. Duration 500 ms by bot id=8584812746
2026-04-23 13:40:59,542 [INFO] aiogram.event: Update id=172408753 is handled. Duration 421 ms by bot id=8584812746
2026-04-23 13:41:01,803 [INFO] aiogram.event: Update id=172408754 is handled. Duration 110 ms by bot id=8584812746
2026-04-23 13:43:56,231 [INFO] aiogram.event: Update id=172408755 is handled. Duration 2562 ms by bot id=8584812746
2026-04-23 13:43:58,208 [INFO] aiogram.event: Update id=172408756 is handled. Duration 156 ms by bot id=8584812746
2026-04-23 13:51:07,900 [INFO] aiogram.event: Update id=172408757 is handled. Duration 2718 ms by bot id=8584812746
2026-04-23 13:51:08,780 [INFO] aiogram.event: Update id=172408758 is handled. Duration 984 ms by bot id=8584812746
2026-04-23 13:51:11,191 [INFO] aiogram.event: Update id=172408759 is handled. Duration 108 ms by bot id=8584812746
2026-04-23 13:51:12,575 [INFO] aiogram.event: Update id=172408760 is handled. Duration 453 ms by bot id=8584812746
2026-04-23 13:51:13,807 [INFO] aiogram.event: Update id=172408761 is handled. Duration 110 ms by bot id=8584812746
2026-04-23 13:51:15,308 [INFO] aiogram.event: Update id=172408762 is handled. Duration 485 ms by bot id=8584812746
2026-04-23 13:51:17,174 [INFO] aiogram.event: Update id=172408763 is handled. Duration 108 ms by bot id=8584812746
2026-04-23 13:51:19,043 [INFO] aiogram.event: Update id=172408764 is handled. Duration 780 ms by bot id=8584812746
2026-04-23 13:51:19,732 [INFO] aiogram.event: Update id=172408765 is not handled. Duration 0 ms by bot id=8584812746
2026-04-23 13:51:22,034 [INFO] aiogram.event: Update id=172408766 is handled. Duration 296 ms by bot id=8584812746
2026-04-23 13:51:22,883 [INFO] aiogram.event: Update id=172408767 is handled. Duration 219 ms by bot id=8584812746
2026-04-23 13:51:23,540 [INFO] aiogram.event: Update id=172408768 is handled. Duration 140 ms by bot id=8584812746
2026-04-23 13:51:24,494 [INFO] aiogram.event: Update id=172408769 is handled. Duration 358 ms by bot id=8584812746
2026-04-23 13:51:28,217 [INFO] aiogram.event: Update id=172408770 is handled. Duration 1656 ms by bot id=8584812746
2026-04-23 13:51:29,237 [INFO] aiogram.event: Update id=172408772 is handled. Duration 109 ms by bot id=8584812746
2026-04-23 13:51:29,971 [INFO] aiogram.event: Update id=172408771 is handled. Duration 1766 ms by bot id=8584812746
2026-04-23 13:57:27,681 [INFO] Аккаунт: MrSeller | Баланс: 0.0 ₽
2026-04-23 13:57:28,072 [INFO] Слушатель событий запущен
2026-04-23 13:57:28,074 [INFO] Telegram бот запущен
2026-04-23 13:57:52,514 [INFO] Язык изменён на: Русский
2026-04-23 14:51:32,319 [INFO] Аккаунт: MrSeller | Баланс: 0.0 ₽
2026-04-23 14:51:32,707 [INFO] Слушатель событий запущен
2026-04-23 14:51:32,709 [INFO] Telegram бот запущен
2026-04-23 14:56:35,315 [INFO] Аккаунт: MrSeller | Баланс: 0.0 ₽
2026-04-23 14:56:35,702 [INFO] Слушатель событий запущен
2026-04-23 14:56:35,703 [INFO] Telegram бот запущен
2026-04-23 14:57:48,332 [INFO] Аккаунт: MrSeller | Баланс: 0.0 ₽
2026-04-23 14:57:48,715 [INFO] Слушатель событий запущен
2026-04-23 14:57:48,716 [INFO] Telegram бот запущен
2026-04-23 15:00:32,219 [INFO] Аккаунт: MrSeller | Баланс: 0.0 ₽
2026-04-23 15:00:32,601 [INFO] Слушатель событий запущен
2026-04-23 15:00:32,604 [INFO] Telegram бот запущен
2026-04-23 15:02:41,973 [INFO] Аккаунт: MrSeller | Баланс: 0.0 ₽
2026-04-23 15:02:42,372 [INFO] Слушатель событий запущен
2026-04-23 15:02:42,372 [INFO] Telegram бот запущен
2026-04-23 15:07:16,192 [INFO] Аккаунт: MrSeller | Баланс: 0.0 ₽
2026-04-23 15:07:16,582 [INFO] Слушатель событий запущен
2026-04-23 15:07:16,583 [INFO] Telegram бот запущен
2026-04-23 15:24:07,301 [CRITICAL] Токен истёк! Обновите access_token в bot_settings/config.json
2026-04-23 15:24:46,768 [INFO] Аккаунт: MrSeller | Баланс: 0.0 ₽
2026-04-23 15:24:47,151 [INFO] Слушатель событий запущен
2026-04-23 15:24:47,152 [INFO] Telegram бот запущен
2026-04-23 15:26:46,531 [INFO] Аккаунт: MrSeller | Баланс: 0.0 ₽
2026-04-23 15:26:46,936 [INFO] Слушатель событий запущен
2026-04-23 15:26:46,937 [INFO] Telegram бот запущен
2026-04-23 15:26:58,319 [ERROR] Cause exception while process update id=994601777 by bot id=8788168904
IndexError: list index out of range
Traceback (most recent call last):
  File "C:\Users\delsystem32\AppData\Local\Programs\Python\Python311\Lib\site-packages\aiogram\dispatcher\dispatcher.py", line 309, in _process_update
    response = await self.feed_update(bot, update, **kwargs)
               ^^^^^^^^^^^^^^^^^^^^^^^^^^^^^^^^^^^^^^^^^^^^^
  File "C:\Users\delsystem32\AppData\Local\Programs\Python\Python311\Lib\site-packages\aiogram\dispatcher\dispatcher.py", line 158, in feed_update
    response = await self.update.wrap_outer_middleware(
               ^^^^^^^^^^^^^^^^^^^^^^^^^^^^^^^^^^^^^^^^
  File "C:\Users\delsystem32\AppData\Local\Programs\Python\Python311\Lib\site-packages\aiogram\dispatcher\middlewares\error.py", line 25, in __call__
    return await handler(event, data)
           ^^^^^^^^^^^^^^^^^^^^^^^^^^
  File "C:\Users\delsystem32\AppData\Local\Programs\Python\Python311\Lib\site-packages\aiogram\dispatcher\middlewares\user_context.py", line 49, in __call__
    return await handler(event, data)
           ^^^^^^^^^^^^^^^^^^^^^^^^^^
  File "C:\Users\delsystem32\AppData\Local\Programs\Python\Python311\Lib\site-packages\aiogram\fsm\middleware.py", line 42, in __call__
    return await handler(event, data)
           ^^^^^^^^^^^^^^^^^^^^^^^^^^
  File "C:\Users\delsystem32\AppData\Local\Programs\Python\Python311\Lib\site-packages\aiogram\dispatcher\event\telegram.py", line 121, in trigger
    return await wrapped_inner(event, kwargs)
           ^^^^^^^^^^^^^^^^^^^^^^^^^^^^^^^^^^
  File "C:\Users\delsystem32\AppData\Local\Programs\Python\Python311\Lib\site-packages\aiogram\dispatcher\event\handler.py", line 43, in call
    return await wrapped()
           ^^^^^^^^^^^^^^^
  File "C:\Users\delsystem32\AppData\Local\Programs\Python\Python311\Lib\site-packages\aiogram\dispatcher\dispatcher.py", line 276, in _listen_update
    return await self.propagate_event(update_type=update_type, event=event, **kwargs)
           ^^^^^^^^^^^^^^^^^^^^^^^^^^^^^^^^^^^^^^^^^^^^^^^^^^^^^^^^^^^^^^^^^^^^^^^^^^
  File "C:\Users\delsystem32\AppData\Local\Programs\Python\Python311\Lib\site-packages\aiogram\dispatcher\router.py", line 142, in propagate_event
    return await observer.wrap_outer_middleware(_wrapped, event=event, data=kwargs)
           ^^^^^^^^^^^^^^^^^^^^^^^^^^^^^^^^^^^^^^^^^^^^^^^^^^^^^^^^^^^^^^^^^^^^^^^^
  File "C:\Users\delsystem32\AppData\Local\Programs\Python\Python311\Lib\site-packages\aiogram\dispatcher\router.py", line 137, in _wrapped
    return await self._propagate_event(
           ^^^^^^^^^^^^^^^^^^^^^^^^^^^^
  File "C:\Users\delsystem32\AppData\Local\Programs\Python\Python311\Lib\site-packages\aiogram\dispatcher\router.py", line 170, in _propagate_event
    response = await router.propagate_event(update_type=update_type, event=event, **kwargs)
               ^^^^^^^^^^^^^^^^^^^^^^^^^^^^^^^^^^^^^^^^^^^^^^^^^^^^^^^^^^^^^^^^^^^^^^^^^^^^
  File "C:\Users\delsystem32\AppData\Local\Programs\Python\Python311\Lib\site-packages\aiogram\dispatcher\router.py", line 142, in propagate_event
    return await observer.wrap_outer_middleware(_wrapped, event=event, data=kwargs)
           ^^^^^^^^^^^^^^^^^^^^^^^^^^^^^^^^^^^^^^^^^^^^^^^^^^^^^^^^^^^^^^^^^^^^^^^^
  File "C:\Users\delsystem32\AppData\Local\Programs\Python\Python311\Lib\site-packages\aiogram\dispatcher\router.py", line 137, in _wrapped
    return await self._propagate_event(
           ^^^^^^^^^^^^^^^^^^^^^^^^^^^^
  File "C:\Users\delsystem32\AppData\Local\Programs\Python\Python311\Lib\site-packages\aiogram\dispatcher\router.py", line 162, in _propagate_event
    response = await observer.trigger(event, **kwargs)
               ^^^^^^^^^^^^^^^^^^^^^^^^^^^^^^^^^^^^^^^
  File "C:\Users\delsystem32\AppData\Local\Programs\Python\Python311\Lib\site-packages\aiogram\dispatcher\event\telegram.py", line 121, in trigger
    return await wrapped_inner(event, kwargs)
           ^^^^^^^^^^^^^^^^^^^^^^^^^^^^^^^^^^
  File "C:\Users\delsystem32\AppData\Local\Programs\Python\Python311\Lib\site-packages\aiogram\dispatcher\event\handler.py", line 43, in call
    return await wrapped()
           ^^^^^^^^^^^^^^^
  File "C:\Users\delsystem32\Desktop\VHD-Universal\tgbot\handlers.py", line 483, in cb_lot_app
    app_id, app_slug = parts[1], parts[2]
                                 ~~~~~^^^
IndexError: list index out of range
2026-04-23 15:27:28,650 [INFO] Аккаунт: MrSeller | Баланс: 0.0 ₽
2026-04-23 15:27:29,045 [INFO] Слушатель событий запущен
2026-04-23 15:27:29,046 [INFO] Telegram бот запущен
2026-04-23 15:48:30,736 [INFO] Аккаунт: MrSeller | Баланс: 0.0 ₽
2026-04-23 15:48:31,135 [INFO] Слушатель событий запущен
2026-04-23 15:48:31,137 [INFO] Telegram бот запущен
2026-04-23 15:50:27,018 [INFO] Аккаунт: MrSeller | Баланс: 0.0 ₽
2026-04-23 15:50:27,407 [INFO] Слушатель событий запущен
2026-04-23 15:50:27,408 [INFO] Telegram бот запущен
2026-04-23 15:50:27,950 [WARNING] Не удалось обновить описание бота: Telegram server says - Bad Request: BOT_DESC_INVALID
2026-04-23 15:50:27,950 [INFO] Попробуйте установить описание вручную через @BotFather
2026-04-23 15:52:34,231 [INFO] Аккаунт: MrSeller | Баланс: 0.0 ₽
2026-04-23 15:52:34,628 [INFO] Слушатель событий запущен
2026-04-23 15:52:34,629 [INFO] Telegram бот запущен
2026-04-23 15:54:25,828 [ERROR] Ошибка в цикле опроса: Неверный или истёкший access_token
2026-04-23 15:54:30,979 [ERROR] Ошибка в цикле опроса: Неверный или истёкший access_token
2026-04-23 15:54:36,117 [ERROR] Ошибка в цикле опроса: Неверный или истёкший access_token
2026-04-23 15:54:41,280 [ERROR] Ошибка в цикле опроса: Неверный или истёкший access_token
